Determining if the pthread_create exist failed with the following output:
Change Dir: /home/gpf/projects/my_pstat/build_clang/CMakeFiles/CMakeTmp

Run Build Command:"/usr/bin/make" "cmTC_fdc0b/fast"
/usr/bin/make -f CMakeFiles/cmTC_fdc0b.dir/build.make CMakeFiles/cmTC_fdc0b.dir/build
make[1]: Entering directory '/home/gpf/projects/my_pstat/build_clang/CMakeFiles/CMakeTmp'
Building C object CMakeFiles/cmTC_fdc0b.dir/CheckSymbolExists.c.o
/usr/bin/clang-3.9    -Wall    -o CMakeFiles/cmTC_fdc0b.dir/CheckSymbolExists.c.o   -c /home/gpf/projects/my_pstat/build_clang/CMakeFiles/CMakeTmp/CheckSymbolExists.c
Linking C executable cmTC_fdc0b
/usr/bin/cmake -E cmake_link_script CMakeFiles/cmTC_fdc0b.dir/link.txt --verbose=1
/usr/bin/clang-3.9   -Wall     CMakeFiles/cmTC_fdc0b.dir/CheckSymbolExists.c.o  -o cmTC_fdc0b -rdynamic 
CMakeFiles/cmTC_fdc0b.dir/CheckSymbolExists.c.o：在函数‘main’中：
/home/gpf/projects/my_pstat/build_clang/CMakeFiles/CMakeTmp/CheckSymbolExists.c:(.text+0x19)：对‘pthread_create’未定义的引用
clang: error: linker command failed with exit code 1 (use -v to see invocation)
CMakeFiles/cmTC_fdc0b.dir/build.make:97: recipe for target 'cmTC_fdc0b' failed
make[1]: *** [cmTC_fdc0b] Error 1
make[1]: Leaving directory '/home/gpf/projects/my_pstat/build_clang/CMakeFiles/CMakeTmp'
Makefile:126: recipe for target 'cmTC_fdc0b/fast' failed
make: *** [cmTC_fdc0b/fast] Error 2

File /home/gpf/projects/my_pstat/build_clang/CMakeFiles/CMakeTmp/CheckSymbolExists.c:
/* */
#include <pthread.h>

int main(int argc, char** argv)
{
  (void)argv;
#ifndef pthread_create
  return ((int*)(&pthread_create))[argc];
#else
  (void)argc;
  return 0;
#endif
}

